<?xml version="1.0" encoding="UTF-8"?>
<!-- Generated by org.testng.reporters.JUnitReportReporter -->
<testsuite hostname="LAPTOP-I738VVCC" failures="0" tests="2" name="com.magnus.day1.Testng" time="33.591" errors="0" timestamp="2022-01-20T20:55:04 EST" skipped="0">
  <testcase classname="com.magnus.day1.Testng" name="GoogleSearch" time="18.728"/>
  <system-out>
    <![CDATA[Completed Google search for Mobile ]]>
  </system-out>
  <testcase classname="com.magnus.day1.Testng" name="WikiSearch" time="14.863"/>
  <system-out>
    <![CDATA[Completed Wiki search for car]]>
  </system-out>
</testsuite> <!-- com.magnus.day1.Testng -->
