<?xml version="1.0" encoding="UTF-8"?>
<!-- Generated by org.testng.reporters.JUnitReportReporter -->
<testsuite hostname="LAPTOP-I738VVCC" failures="0" tests="2" name="com.magnus.day2.Demotestngsuite" time="0.015" errors="0" timestamp="2022-01-26T22:35:15 EST" skipped="0">
  <testcase classname="com.magnus.day2.Demotestngsuite" name="display1" time="0.010"/>
  <system-out/>
  <testcase classname="com.magnus.day2.Demotestngsuite" name="display2" time="0.005"/>
  <system-out/>
</testsuite> <!-- com.magnus.day2.Demotestngsuite -->
