<?xml version="1.0" encoding="UTF-8"?>
<!-- Generated by org.testng.reporters.JUnitReportReporter -->
<testsuite hostname="LAPTOP-I738VVCC" failures="0" tests="2" name="com.magnus.day2.Testng" time="0.032" errors="0" timestamp="2022-01-20T20:40:30 EST" skipped="0">
  <testcase classname="com.magnus.day2.Testng" name="demo2" time="0.003"/>
  <system-out/>
  <testcase classname="com.magnus.day2.Testng" name="demo1" time="0.029"/>
  <system-out/>
</testsuite> <!-- com.magnus.day2.Testng -->
