<?xml version="1.0" encoding="UTF-8"?>
<!-- Generated by org.testng.reporters.JUnitReportReporter -->
<testsuite hostname="LAPTOP-I738VVCC" failures="0" tests="2" name="com.magnus.day3.TestNg" time="16.903" errors="0" timestamp="2022-01-26T22:35:15 EST" skipped="0">
  <testcase classname="com.magnus.day3.TestNg" name="WikiSearch" time="10.090"/>
  <system-out>
    <![CDATA[Completed Wiki search for iphone 14]]>
  </system-out>
  <testcase classname="com.magnus.day3.TestNg" name="GoogleSearch" time="6.813"/>
  <system-out>
    <![CDATA[Completed Google search for iphone 14]]>
  </system-out>
</testsuite> <!-- com.magnus.day3.TestNg -->
