<?xml version="1.0" encoding="UTF-8"?>
<!-- Generated by org.testng.reporters.JUnitReportReporter -->
<testsuite hostname="LAPTOP-I738VVCC" failures="0" tests="1" name="com.magnus.day4.Assertdemo" time="46.601" errors="0" timestamp="2022-01-24T21:05:37 EST" skipped="0">
  <testcase classname="com.magnus.day4.Assertdemo" name="Assert1" time="46.601"/>
  <system-out/>
</testsuite> <!-- com.magnus.day4.Assertdemo -->
